<?xml version="1.0" encoding="UTF-8"?>
<!-- Generated by org.testng.reporters.JUnitReportReporter -->
<testsuite hostname="ramesh" name="sample.DemoTest_02" tests="3" failures="0" timestamp="8 Sep 2021 11:27:24 GMT" time="0.016" errors="0">
  <testcase name="testcase_006" time="0.000" classname="sample.DemoTest_02"/>
  <testcase name="testcase_004" time="0.000" classname="sample.DemoTest_02"/>
  <testcase name="testcase_005" time="0.016" classname="sample.DemoTest_02"/>
</testsuite> <!-- sample.DemoTest_02 -->
