<?xml version="1.0" encoding="UTF-8"?>
<!-- Generated by org.testng.reporters.JUnitReportReporter -->
<testsuite skipped="0" hostname="ramesh" name="sample.DemoTest_01" tests="3" failures="0" timestamp="08 Sep 2021 11:34:57 GMT" time="0.015" errors="0">
  <testcase name="testcase_001" time="0.010" classname="sample.DemoTest_01"/>
  <testcase name="testcase_002" time="0.000" classname="sample.DemoTest_01"/>
  <testcase name="testcase_003" time="0.005" classname="sample.DemoTest_01"/>
</testsuite> <!-- sample.DemoTest_01 -->
