<?xml version="1.0" encoding="UTF-8"?>
<!-- Generated by org.testng.reporters.JUnitReportReporter -->
<testsuite skipped="0" hostname="ramesh" name="sample.DemoTest_02" tests="3" failures="0" timestamp="08 Sep 2021 11:34:57 GMT" time="0.000" errors="0">
  <testcase name="testcase_004" time="0.000" classname="sample.DemoTest_02"/>
  <testcase name="testcase_006" time="0.000" classname="sample.DemoTest_02"/>
  <testcase name="testcase_005" time="0.000" classname="sample.DemoTest_02"/>
</testsuite> <!-- sample.DemoTest_02 -->
